<?xml version="1.0" encoding="UTF-8"?>
<testsuite name="net.ict.wjbooks_kakao.service.MemberServiceTest" tests="1" skipped="0" failures="0" errors="0" timestamp="2022-12-07T04:49:32" hostname="DENISELAPTOP" time="0.494">
  <properties/>
  <testcase name="insertMemberTest()" classname="net.ict.wjbooks_kakao.service.MemberServiceTest" time="0.494"/>
  <system-out><![CDATA[13:49:21.817 [Test worker] DEBUG org.springframework.test.context.BootstrapUtils - Instantiating CacheAwareContextLoaderDelegate from class [org.springframework.test.context.cache.DefaultCacheAwareContextLoaderDelegate]
13:49:21.836 [Test worker] DEBUG org.springframework.test.context.BootstrapUtils - Instantiating BootstrapContext using constructor [public org.springframework.test.context.support.DefaultBootstrapContext(java.lang.Class,org.springframework.test.context.CacheAwareContextLoaderDelegate)]
13:49:21.891 [Test worker] DEBUG org.springframework.test.context.BootstrapUtils - Instantiating TestContextBootstrapper for test class [net.ict.wjbooks_kakao.service.MemberServiceTest] from class [org.springframework.boot.test.context.SpringBootTestContextBootstrapper]
13:49:21.909 [Test worker] INFO org.springframework.boot.test.context.SpringBootTestContextBootstrapper - Neither @ContextConfiguration nor @ContextHierarchy found for test class [net.ict.wjbooks_kakao.service.MemberServiceTest], using SpringBootContextLoader
13:49:21.917 [Test worker] DEBUG org.springframework.test.context.support.AbstractContextLoader - Did not detect default resource location for test class [net.ict.wjbooks_kakao.service.MemberServiceTest]: class path resource [net/ict/wjbooks_kakao/service/MemberServiceTest-context.xml] does not exist
13:49:21.918 [Test worker] DEBUG org.springframework.test.context.support.AbstractContextLoader - Did not detect default resource location for test class [net.ict.wjbooks_kakao.service.MemberServiceTest]: class path resource [net/ict/wjbooks_kakao/service/MemberServiceTestContext.groovy] does not exist
13:49:21.918 [Test worker] INFO org.springframework.test.context.support.AbstractContextLoader - Could not detect default resource locations for test class [net.ict.wjbooks_kakao.service.MemberServiceTest]: no resource found for suffixes {-context.xml, Context.groovy}.
13:49:21.919 [Test worker] INFO org.springframework.test.context.support.AnnotationConfigContextLoaderUtils - Could not detect default configuration classes for test class [net.ict.wjbooks_kakao.service.MemberServiceTest]: MemberServiceTest does not declare any static, non-private, non-final, nested classes annotated with @Configuration.
13:49:21.995 [Test worker] DEBUG org.springframework.test.context.support.ActiveProfilesUtils - Could not find an 'annotation declaring class' for annotation type [org.springframework.test.context.ActiveProfiles] and class [net.ict.wjbooks_kakao.service.MemberServiceTest]
13:49:22.097 [Test worker] DEBUG org.springframework.context.annotation.ClassPathScanningCandidateComponentProvider - Identified candidate component class: file [C:\Users\DeniseLaptop\Desktop\ict_Final_project\wjbooks_kakao\build\classes\java\main\net\ict\wjbooks_kakao\WjbooksKakaoApplication.class]
13:49:22.098 [Test worker] INFO org.springframework.boot.test.context.SpringBootTestContextBootstrapper - Found @SpringBootConfiguration net.ict.wjbooks_kakao.WjbooksKakaoApplication for test class net.ict.wjbooks_kakao.service.MemberServiceTest
13:49:22.273 [Test worker] DEBUG org.springframework.boot.test.context.SpringBootTestContextBootstrapper - @TestExecutionListeners is not present for class [net.ict.wjbooks_kakao.service.MemberServiceTest]: using defaults.
13:49:22.275 [Test worker] INFO org.springframework.boot.test.context.SpringBootTestContextBootstrapper - Loaded default TestExecutionListener class names from location [META-INF/spring.factories]: [org.springframework.security.test.context.support.WithSecurityContextTestExecutionListener, org.springframework.security.test.context.support.ReactorContextTestExecutionListener, org.springframework.boot.test.autoconfigure.restdocs.RestDocsTestExecutionListener, org.springframework.boot.test.autoconfigure.web.client.MockRestServiceServerResetTestExecutionListener, org.springframework.boot.test.autoconfigure.web.servlet.MockMvcPrintOnlyOnFailureTestExecutionListener, org.springframework.boot.test.autoconfigure.web.servlet.WebDriverTestExecutionListener, org.springframework.boot.test.autoconfigure.webservices.client.MockWebServiceServerTestExecutionListener, org.springframework.boot.test.mock.mockito.MockitoTestExecutionListener, org.springframework.boot.test.mock.mockito.ResetMocksTestExecutionListener, org.springframework.test.context.web.ServletTestExecutionListener, org.springframework.test.context.support.DirtiesContextBeforeModesTestExecutionListener, org.springframework.test.context.event.ApplicationEventsTestExecutionListener, org.springframework.test.context.support.DependencyInjectionTestExecutionListener, org.springframework.test.context.support.DirtiesContextTestExecutionListener, org.springframework.test.context.transaction.TransactionalTestExecutionListener, org.springframework.test.context.jdbc.SqlScriptsTestExecutionListener, org.springframework.test.context.event.EventPublishingTestExecutionListener]
13:49:22.304 [Test worker] INFO org.springframework.boot.test.context.SpringBootTestContextBootstrapper - Using TestExecutionListeners: [org.springframework.test.context.web.ServletTestExecutionListener@26f143ed, org.springframework.test.context.support.DirtiesContextBeforeModesTestExecutionListener@3c1e3314, org.springframework.test.context.event.ApplicationEventsTestExecutionListener@4b770e40, org.springframework.boot.test.mock.mockito.MockitoTestExecutionListener@78e16155, org.springframework.boot.test.autoconfigure.SpringBootDependencyInjectionTestExecutionListener@54a3ab8f, org.springframework.test.context.support.DirtiesContextTestExecutionListener@1968a49c, org.springframework.test.context.transaction.TransactionalTestExecutionListener@6a1ebcff, org.springframework.test.context.jdbc.SqlScriptsTestExecutionListener@19868320, org.springframework.security.test.context.support.WithSecurityContextTestExecutionListener@50b0bc4c, org.springframework.test.context.event.EventPublishingTestExecutionListener@c20be82, org.springframework.security.test.context.support.ReactorContextTestExecutionListener@13c612bd, org.springframework.boot.test.autoconfigure.restdocs.RestDocsTestExecutionListener@3ef41c66, org.springframework.boot.test.autoconfigure.web.client.MockRestServiceServerResetTestExecutionListener@6b739528, org.springframework.boot.test.autoconfigure.web.servlet.MockMvcPrintOnlyOnFailureTestExecutionListener@622ef26a, org.springframework.boot.test.autoconfigure.web.servlet.WebDriverTestExecutionListener@41de5768, org.springframework.boot.test.autoconfigure.webservices.client.MockWebServiceServerTestExecutionListener@5f577419, org.springframework.boot.test.mock.mockito.ResetMocksTestExecutionListener@28fa700e]
13:49:22.312 [Test worker] DEBUG org.springframework.test.context.support.AbstractDirtiesContextTestExecutionListener - Before test class: context [DefaultTestContext@7b02e036 testClass = MemberServiceTest, testInstance = [null], testMethod = [null], testException = [null], mergedContextConfiguration = [WebMergedContextConfiguration@25243bc1 testClass = MemberServiceTest, locations = '{}', classes = '{class net.ict.wjbooks_kakao.WjbooksKakaoApplication}', contextInitializerClasses = '[]', activeProfiles = '{}', propertySourceLocations = '{}', propertySourceProperties = '{org.springframework.boot.test.context.SpringBootTestContextBootstrapper=true}', contextCustomizers = set[org.springframework.boot.test.autoconfigure.actuate.metrics.MetricsExportContextCustomizerFactory$DisableMetricExportContextCustomizer@22b53226, org.springframework.boot.test.autoconfigure.properties.PropertyMappingContextCustomizer@0, org.springframework.boot.test.autoconfigure.web.servlet.WebDriverContextCustomizerFactory$Customizer@1080b026, org.springframework.boot.test.context.filter.ExcludeFilterContextCustomizer@dcfda20, org.springframework.boot.test.json.DuplicateJsonObjectContextCustomizerFactory$DuplicateJsonObjectContextCustomizer@40499e4f, org.springframework.boot.test.mock.mockito.MockitoContextCustomizer@0, org.springframework.boot.test.web.client.TestRestTemplateContextCustomizer@3b220bcb, org.springframework.boot.test.context.SpringBootTestArgs@1, org.springframework.boot.test.context.SpringBootTestWebEnvironment@4f4c4b1a], resourceBasePath = 'src/main/webapp', contextLoader = 'org.springframework.boot.test.context.SpringBootContextLoader', parent = [null]], attributes = map['org.springframework.test.context.web.ServletTestExecutionListener.activateListener' -> true]], class annotated with @DirtiesContext [false] with mode [null].

  .   ____          _            __ _ _
 /\\ / ___'_ __ _ _(_)_ __  __ _ \ \ \ \
( ( )\___ | '_ | '_| | '_ \/ _` | \ \ \ \
 \\/  ___)| |_)| | | | | || (_| |  ) ) ) )
  '  |____| .__|_| |_|_| |_\__, | / / / /
 =========|_|==============|___/=/_/_/_/
 :: Spring Boot ::                (v2.7.6)

2022-12-07 13:49:22.878  INFO 17384 --- [    Test worker] n.i.w.service.MemberServiceTest          : Starting MemberServiceTest using Java 11.0.2 on DeniseLaptop with PID 17384 (started by DeniseLaptop in C:\Users\DeniseLaptop\Desktop\ict_Final_project\wjbooks_kakao)
2022-12-07 13:49:22.880 DEBUG 17384 --- [    Test worker] n.i.w.service.MemberServiceTest          : Running with Spring Boot v2.7.6, Spring v5.3.24
2022-12-07 13:49:22.881  INFO 17384 --- [    Test worker] n.i.w.service.MemberServiceTest          : No active profile set, falling back to 1 default profile: "default"
2022-12-07 13:49:24.410  INFO 17384 --- [    Test worker] .s.d.r.c.RepositoryConfigurationDelegate : Bootstrapping Spring Data JPA repositories in DEFAULT mode.
2022-12-07 13:49:24.521  INFO 17384 --- [    Test worker] .s.d.r.c.RepositoryConfigurationDelegate : Finished Spring Data repository scanning in 97 ms. Found 1 JPA repository interfaces.
2022-12-07 13:49:25.794  INFO 17384 --- [    Test worker] o.hibernate.jpa.internal.util.LogHelper  : HHH000204: Processing PersistenceUnitInfo [name: default]
2022-12-07 13:49:25.944  INFO 17384 --- [    Test worker] org.hibernate.Version                    : HHH000412: Hibernate ORM core version 5.6.14.Final
2022-12-07 13:49:26.326  INFO 17384 --- [    Test worker] o.hibernate.annotations.common.Version   : HCANN000001: Hibernate Commons Annotations {5.1.2.Final}
2022-12-07 13:49:26.595  INFO 17384 --- [    Test worker] com.zaxxer.hikari.HikariDataSource       : HikariPool-1 - Starting...
2022-12-07 13:49:26.976  INFO 17384 --- [    Test worker] com.zaxxer.hikari.HikariDataSource       : HikariPool-1 - Start completed.
2022-12-07 13:49:27.041  INFO 17384 --- [    Test worker] org.hibernate.dialect.Dialect            : HHH000400: Using dialect: org.hibernate.dialect.MySQL8Dialect
2022-12-07 13:49:28.349  INFO 17384 --- [    Test worker] o.h.e.t.j.p.i.JtaPlatformInitiator       : HHH000490: Using JtaPlatform implementation: [org.hibernate.engine.transaction.jta.platform.internal.NoJtaPlatform]
2022-12-07 13:49:28.365  INFO 17384 --- [    Test worker] j.LocalContainerEntityManagerFactoryBean : Initialized JPA EntityManagerFactory for persistence unit 'default'
2022-12-07 13:49:29.572 TRACE 17384 --- [    Test worker] o.s.s.a.i.a.MethodSecurityInterceptor    : Validated configuration attributes
2022-12-07 13:49:29.593 TRACE 17384 --- [    Test worker] eGlobalAuthenticationAutowiredConfigurer : Eagerly initializing {customSecurityConfig=net.ict.wjbooks_kakao.config.CustomSecurityConfig$$EnhancerBySpringCGLIB$$87e7cfdc@2480acc3, org.springframework.boot.autoconfigure.security.servlet.SpringBootWebSecurityConfiguration$WebSecurityEnablerConfiguration=org.springframework.boot.autoconfigure.security.servlet.SpringBootWebSecurityConfiguration$WebSecurityEnablerConfiguration@2d398cfb}
2022-12-07 13:49:29.762  INFO 17384 --- [    Test worker] n.i.w.config.CustomSecurityConfig        : ------------configure-------------------
2022-12-07 13:49:29.862  WARN 17384 --- [    Test worker] JpaBaseConfiguration$JpaWebConfiguration : spring.jpa.open-in-view is enabled by default. Therefore, database queries may be performed during view rendering. Explicitly configure spring.jpa.open-in-view to disable this warning
2022-12-07 13:49:31.039 DEBUG 17384 --- [    Test worker] edFilterInvocationSecurityMetadataSource : Adding web access control expression [permitAll] for Mvc [pattern='/']
2022-12-07 13:49:31.082 DEBUG 17384 --- [    Test worker] edFilterInvocationSecurityMetadataSource : Adding web access control expression [permitAll] for Mvc [pattern='/member/**']
2022-12-07 13:49:31.082 DEBUG 17384 --- [    Test worker] edFilterInvocationSecurityMetadataSource : Adding web access control expression [hasRole('ROLE_ADMIN')] for Mvc [pattern='/admin/**']
2022-12-07 13:49:31.085 DEBUG 17384 --- [    Test worker] edFilterInvocationSecurityMetadataSource : Adding web access control expression [authenticated] for any request
2022-12-07 13:49:31.095 TRACE 17384 --- [    Test worker] o.s.s.w.a.i.FilterSecurityInterceptor    : Validated configuration attributes
2022-12-07 13:49:31.095 TRACE 17384 --- [    Test worker] o.s.s.w.a.i.FilterSecurityInterceptor    : Validated configuration attributes
2022-12-07 13:49:31.143  INFO 17384 --- [    Test worker] o.s.s.web.DefaultSecurityFilterChain     : Will secure any request with [org.springframework.security.web.session.DisableEncodeUrlFilter@631c6ef4, org.springframework.security.web.context.request.async.WebAsyncManagerIntegrationFilter@9e2b199, org.springframework.security.web.context.SecurityContextPersistenceFilter@6c54d0dc, org.springframework.security.web.header.HeaderWriterFilter@63bb719d, org.springframework.security.web.authentication.logout.LogoutFilter@2b20caed, org.springframework.security.oauth2.client.web.OAuth2AuthorizationRequestRedirectFilter@5b476930, org.springframework.security.oauth2.client.web.OAuth2LoginAuthenticationFilter@1aee0f49, org.springframework.security.web.authentication.UsernamePasswordAuthenticationFilter@44b1d2fa, org.springframework.security.web.savedrequest.RequestCacheAwareFilter@54519d74, org.springframework.security.web.servletapi.SecurityContextHolderAwareRequestFilter@1ec96512, org.springframework.security.web.authentication.rememberme.RememberMeAuthenticationFilter@59da4992, org.springframework.security.web.authentication.AnonymousAuthenticationFilter@7441edeb, org.springframework.security.web.session.SessionManagementFilter@318f47f1, org.springframework.security.web.access.ExceptionTranslationFilter@12f32f99, org.springframework.security.web.access.intercept.FilterSecurityInterceptor@a94c8e3]
2022-12-07 13:49:31.146  INFO 17384 --- [    Test worker] n.i.w.config.CustomSecurityConfig        : ------------web configure-------------------
2022-12-07 13:49:32.173  WARN 17384 --- [    Test worker] o.s.s.c.a.web.builders.WebSecurity       : You are asking Spring Security to ignore org.springframework.boot.autoconfigure.security.servlet.StaticResourceRequest$StaticResourceRequestMatcher@1a370c7c. This is not recommended -- please use permitAll via HttpSecurity#authorizeHttpRequests instead.
2022-12-07 13:49:32.173  INFO 17384 --- [    Test worker] o.s.s.web.DefaultSecurityFilterChain     : Will not secure org.springframework.boot.autoconfigure.security.servlet.StaticResourceRequest$StaticResourceRequestMatcher@1a370c7c
2022-12-07 13:49:32.321  INFO 17384 --- [    Test worker] n.i.w.service.MemberServiceTest          : Started MemberServiceTest in 9.952 seconds (JVM running for 12.276)
2022-12-07 13:49:32.375  INFO 17384 --- [    Test worker] o.s.t.c.transaction.TransactionContext   : Began transaction (1) for test context [DefaultTestContext@7b02e036 testClass = MemberServiceTest, testInstance = net.ict.wjbooks_kakao.service.MemberServiceTest@3c84c32f, testMethod = insertMemberTest@MemberServiceTest, testException = [null], mergedContextConfiguration = [WebMergedContextConfiguration@25243bc1 testClass = MemberServiceTest, locations = '{}', classes = '{class net.ict.wjbooks_kakao.WjbooksKakaoApplication}', contextInitializerClasses = '[]', activeProfiles = '{}', propertySourceLocations = '{}', propertySourceProperties = '{org.springframework.boot.test.context.SpringBootTestContextBootstrapper=true}', contextCustomizers = set[org.springframework.boot.test.autoconfigure.actuate.metrics.MetricsExportContextCustomizerFactory$DisableMetricExportContextCustomizer@22b53226, org.springframework.boot.test.autoconfigure.properties.PropertyMappingContextCustomizer@0, org.springframework.boot.test.autoconfigure.web.servlet.WebDriverContextCustomizerFactory$Customizer@1080b026, org.springframework.boot.test.context.filter.ExcludeFilterContextCustomizer@dcfda20, org.springframework.boot.test.json.DuplicateJsonObjectContextCustomizerFactory$DuplicateJsonObjectContextCustomizer@40499e4f, org.springframework.boot.test.mock.mockito.MockitoContextCustomizer@0, org.springframework.boot.test.web.client.TestRestTemplateContextCustomizer@3b220bcb, org.springframework.boot.test.context.SpringBootTestArgs@1, org.springframework.boot.test.context.SpringBootTestWebEnvironment@4f4c4b1a], resourceBasePath = 'src/main/webapp', contextLoader = 'org.springframework.boot.test.context.SpringBootContextLoader', parent = [null]], attributes = map['org.springframework.test.context.web.ServletTestExecutionListener.activateListener' -> true, 'org.springframework.test.context.web.ServletTestExecutionListener.populatedRequestContextHolder' -> true, 'org.springframework.test.context.web.ServletTestExecutionListener.resetRequestContextHolder' -> true, 'org.springframework.test.context.event.ApplicationEventsTestExecutionListener.recordApplicationEvents' -> false]]; transaction manager [org.springframework.orm.jpa.JpaTransactionManager@72d2470]; rollback [true]
2022-12-07 13:49:32.678  INFO 17384 --- [    Test worker] n.i.w.service.MemberServiceImpl          : Member(memNum=null, memEmail=qwertyasdf@naver.com, memName=테스트, memPass=$2a$10$izHmZI7xlxLcL87VC/nH3uXRg9DwK7OEKdT0HTXCDIT5qVxzQvLSa, memTel=01012345678, memScore=null, memAdr1=테스트시, memAdr2=테스트구, memAdr3=null, del=false, social=false, role=null)
Hibernate: 
    select
        next_val as id_val 
    from
        hibernate_sequence for update
            
Hibernate: 
    update
        hibernate_sequence 
    set
        next_val= ? 
    where
        next_val=?
2022-12-07 13:49:32.840  INFO 17384 --- [    Test worker] o.s.t.c.transaction.TransactionContext   : Rolled back transaction for test: [DefaultTestContext@7b02e036 testClass = MemberServiceTest, testInstance = net.ict.wjbooks_kakao.service.MemberServiceTest@3c84c32f, testMethod = insertMemberTest@MemberServiceTest, testException = [null], mergedContextConfiguration = [WebMergedContextConfiguration@25243bc1 testClass = MemberServiceTest, locations = '{}', classes = '{class net.ict.wjbooks_kakao.WjbooksKakaoApplication}', contextInitializerClasses = '[]', activeProfiles = '{}', propertySourceLocations = '{}', propertySourceProperties = '{org.springframework.boot.test.context.SpringBootTestContextBootstrapper=true}', contextCustomizers = set[org.springframework.boot.test.autoconfigure.actuate.metrics.MetricsExportContextCustomizerFactory$DisableMetricExportContextCustomizer@22b53226, org.springframework.boot.test.autoconfigure.properties.PropertyMappingContextCustomizer@0, org.springframework.boot.test.autoconfigure.web.servlet.WebDriverContextCustomizerFactory$Customizer@1080b026, org.springframework.boot.test.context.filter.ExcludeFilterContextCustomizer@dcfda20, org.springframework.boot.test.json.DuplicateJsonObjectContextCustomizerFactory$DuplicateJsonObjectContextCustomizer@40499e4f, org.springframework.boot.test.mock.mockito.MockitoContextCustomizer@0, org.springframework.boot.test.web.client.TestRestTemplateContextCustomizer@3b220bcb, org.springframework.boot.test.context.SpringBootTestArgs@1, org.springframework.boot.test.context.SpringBootTestWebEnvironment@4f4c4b1a], resourceBasePath = 'src/main/webapp', contextLoader = 'org.springframework.boot.test.context.SpringBootContextLoader', parent = [null]], attributes = map['org.springframework.test.context.web.ServletTestExecutionListener.activateListener' -> true, 'org.springframework.test.context.web.ServletTestExecutionListener.populatedRequestContextHolder' -> true, 'org.springframework.test.context.web.ServletTestExecutionListener.resetRequestContextHolder' -> true, 'org.springframework.test.context.event.ApplicationEventsTestExecutionListener.recordApplicationEvents' -> false]]
]]></system-out>
  <system-err><![CDATA[]]></system-err>
</testsuite>
